\BOOKMARK [0][-]{part.1}{\376\377\173\054\000I\220\350\000\040\060\157\060\130\060\201\060\153}{}% 1
\BOOKMARK [1][-]{section.1}{\376\377\170\024\172\166\200\314\146\157}{part.1}% 2
\BOOKMARK [1][-]{section.2}{\376\377\225\242\220\043\170\024\172\166}{part.1}% 3
\BOOKMARK [2][-]{subsection.2.1}{\376\377\152\137\150\260\133\146\177\322\060\222\165\050\060\104\060\137\201\352\161\066\212\000\212\236\121\346\164\006\060\153\060\210\060\213\125\106\124\301\060\354\060\323\060\345\060\374\060\156\212\125\117\241\000\050\136\002\135\335\000[\0001\000]\000\051}{section.2}% 4
\BOOKMARK [2][-]{subsection.2.2}{\376\377\123\130\212\236\060\156\121\372\163\376\230\073\136\246\060\150\230\136\117\074\140\047\060\153\127\372\060\145\060\104\060\137\060\310\060\324\060\303\060\257\060\342\060\307\060\353\155\027\175\364\123\026\142\113\154\325\000\050\147\161\000[\0002\000]\000\051}{section.2}% 5
\BOOKMARK [2][-]{subsection.2.3}{\376\377\060\306\060\255\060\271\060\310\060\336\060\244\060\313\060\363\060\260\060\222\165\050\060\104\060\137\123\343\060\263\060\337\122\006\147\220\060\153\060\210\060\213\160\271\145\160\212\125\117\241\060\156\117\341\230\074\140\047\170\272\212\215\142\113\154\325\000\050\214\067\123\343\000[\0003\000]\000\051}{section.2}% 6
\BOOKMARK [2][-]{subsection.2.4}{\376\377\060\260\060\353\060\341\060\265\060\244\060\310\060\153\060\112\060\121\060\213\060\257\060\301\060\263\060\337\060\156\117\341\230\074\140\047\170\272\117\335\060\153\225\242\060\131\060\213\116\000\200\003\133\337\000\050\124\011\211\213\000[\0004\000]\000\051}{section.2}% 7
\BOOKMARK [1][-]{section.3}{\376\377\170\024\172\166\166\356\166\204}{part.1}% 8
\BOOKMARK [0][-]{part.2}{\376\377\173\054\000I\000I\220\350\000\040\143\320\150\110\142\113\154\325}{}% 9
\BOOKMARK [1][-]{section.4}{\376\377\060\310\060\324\060\303\060\257\060\342\060\307\060\353}{part.2}% 10
\BOOKMARK [2][-]{subsection.4.1}{\376\377\000L\000a\000t\000e\000n\000t\000\040\000D\000i\000r\000i\000c\000h\000l\000e\000t\000\040\000A\000l\000l\000o\000c\000a\000t\000i\000o\000n}{section.4}% 11
\BOOKMARK [2][-]{subsection.4.2}{\376\377\000B\000i\000t\000e\000r\000m\000\040\000T\000o\000p\000i\000c\000\040\000M\000o\000d\000e\000l}{section.4}% 12
\BOOKMARK [1][-]{section.5}{\376\377\143\320\150\110\142\113\154\325}{part.2}% 13
\BOOKMARK [2][-]{subsection.5.1}{\376\377\060\307\060\374\060\277\123\316\226\306}{section.5}% 14
\BOOKMARK [2][-]{subsection.5.2}{\376\377\122\115\121\346\164\006\142\113\154\325}{section.5}% 15
\BOOKMARK [3][-]{subsubsection.5.2.1}{\376\377\060\257\060\352\060\374\060\313\060\363\060\260\121\346\164\006}{subsection.5.2}% 16
\BOOKMARK [3][-]{subsubsection.5.2.2}{\376\377\000M\000e\000C\000a\000b\060\153\060\210\060\213\137\142\141\113\175\040\211\343\147\220\123\312\060\163\122\006\060\113\060\141\146\370\060\115}{subsection.5.2}% 17
\BOOKMARK [2][-]{subsection.5.3}{\376\377\000B\000T\000M\060\153\060\210\060\213\060\310\060\324\060\303\060\257\142\275\121\372}{section.5}% 18
\BOOKMARK [2][-]{subsection.5.4}{\376\377\145\207\172\340\165\037\142\020}{section.5}% 19
\BOOKMARK [2][-]{subsection.5.5}{\376\377\145\207\172\340\225\223\060\156\230\136\117\074\136\246\212\010\173\227}{section.5}% 20
\BOOKMARK [3][-]{subsubsection.5.5.1}{\376\377\000T\000F\000-\000I\000D\000F}{subsection.5.5}% 21
\BOOKMARK [3][-]{subsubsection.5.5.2}{\376\377\000B\000E\000R\000T}{subsection.5.5}% 22
\BOOKMARK [2][-]{subsection.5.6}{\376\377\143\320\150\110\142\113\154\325\060\156\174\276\136\246\151\034\212\074}{section.5}% 23
\BOOKMARK [0][-]{part.3}{\376\377\173\054\000I\000I\000I\220\350\000\040\133\237\232\023}{}% 24
\BOOKMARK [1][-]{section.6}{\376\377\133\237\060\307\060\374\060\277\060\222\165\050\060\104\060\137\133\237\232\023\175\120\147\234\060\150\200\003\133\337}{part.3}% 25
\BOOKMARK [2][-]{subsection.6.1}{\376\377\060\177\060\135\060\115\060\223\000\050\060\253\060\303\060\327\060\351\060\374\060\341\060\363\000\051\060\156\175\071\116\313\122\325\165\073}{section.6}% 26
\BOOKMARK [3][-]{subsubsection.6.1.1}{\376\377\000B\000T\000M\060\153\060\210\060\143\060\146\142\275\121\372\060\127\060\137\123\130\212\236\060\352\060\271\060\310}{subsection.6.1}% 27
\BOOKMARK [3][-]{subsubsection.6.1.2}{\376\377\145\207\172\340\165\037\142\020}{subsection.6.1}% 28
\BOOKMARK [3][-]{subsubsection.6.1.3}{\376\377\116\214\172\056\060\156\230\136\117\074\136\246\212\010\173\227\154\325\060\153\060\210\060\213\175\120\147\234}{subsection.6.1}% 29
\BOOKMARK [3][-]{subsubsection.6.1.4}{\376\377\143\320\150\110\142\113\154\325\060\156\174\276\136\246\151\034\212\074\175\120\147\234}{subsection.6.1}% 30
\BOOKMARK [3][-]{subsubsection.6.1.5}{\376\377\200\003\133\337}{subsection.6.1}% 31
